{"/app/src/pages/DashBoardPage/DashBoardPage.tsx": {"path":"/app/src/pages/DashBoardPage/DashBoardPage.tsx","statementMap":{"0":{"start":{"line":19,"column":0},"end":{"line":19,"column":16}},"1":{"start":{"line":1,"column":0},"end":{"line":1,"column":46}},"2":{"start":{"line":2,"column":0},"end":{"line":2,"column":61}},"3":{"start":{"line":4,"column":0},"end":{"line":4,"column":53}},"4":{"start":{"line":5,"column":0},"end":{"line":5,"column":49}},"5":{"start":{"line":6,"column":0},"end":{"line":6,"column":65}},"6":{"start":{"line":7,"column":0},"end":{"line":7,"column":71}},"7":{"start":{"line":8,"column":0},"end":{"line":8,"column":63}},"8":{"start":{"line":10,"column":0},"end":{"line":10,"column":48}},"9":{"start":{"line":13,"column":53},"end":{"line":17,"column":2}},"10":{"start":{"line":21,"column":21},"end":{"line":21,"column":30}},"11":{"start":{"line":29,"column":8},"end":{"line":29,"column":18}},"12":{"start":{"line":31,"column":54},"end":{"line":31,"column":69}},"13":{"start":{"line":32,"column":48},"end":{"line":32,"column":77}},"14":{"start":{"line":33,"column":40},"end":{"line":33,"column":55}},"15":{"start":{"line":35,"column":40},"end":{"line":35,"column":67}},"16":{"start":{"line":37,"column":30},"end":{"line":39,"column":17}},"17":{"start":{"line":38,"column":8},"end":{"line":38,"column":25}},"18":{"start":{"line":41,"column":32},"end":{"line":44,"column":5}},"19":{"start":{"line":42,"column":8},"end":{"line":42,"column":36}},"20":{"start":{"line":43,"column":8},"end":{"line":43,"column":17}},"21":{"start":{"line":46,"column":34},"end":{"line":48,"column":9}},"22":{"start":{"line":47,"column":8},"end":{"line":47,"column":34}},"23":{"start":{"line":50,"column":35},"end":{"line":52,"column":10}},"24":{"start":{"line":51,"column":8},"end":{"line":51,"column":32}},"25":{"start":{"line":54,"column":32},"end":{"line":67,"column":60}},"26":{"start":{"line":55,"column":8},"end":{"line":55,"column":36}},"27":{"start":{"line":55,"column":29},"end":{"line":55,"column":36}},"28":{"start":{"line":57,"column":8},"end":{"line":57,"column":28}},"29":{"start":{"line":58,"column":8},"end":{"line":66,"column":9}},"30":{"start":{"line":59,"column":12},"end":{"line":59,"column":45}},"31":{"start":{"line":60,"column":12},"end":{"line":60,"column":37}},"32":{"start":{"line":62,"column":12},"end":{"line":62,"column":58}},"33":{"start":{"line":63,"column":12},"end":{"line":63,"column":78}},"34":{"start":{"line":65,"column":12},"end":{"line":65,"column":33}},"35":{"start":{"line":69,"column":32},"end":{"line":71,"column":10}},"36":{"start":{"line":70,"column":8},"end":{"line":70,"column":28}},"37":{"start":{"line":73,"column":33},"end":{"line":75,"column":10}},"38":{"start":{"line":74,"column":8},"end":{"line":74,"column":28}},"39":{"start":{"line":77,"column":30},"end":{"line":80,"column":49}},"40":{"start":{"line":78,"column":8},"end":{"line":78,"column":39}},"41":{"start":{"line":79,"column":8},"end":{"line":79,"column":31}},"42":{"start":{"line":83,"column":4},"end":{"line":191,"column":6}},"43":{"start":{"line":89,"column":35},"end":{"line":89,"column":61}},"44":{"start":{"line":116,"column":24},"end":{"line":116,"column":42}},"45":{"start":{"line":126,"column":55},"end":{"line":126,"column":80}},"46":{"start":{"line":134,"column":55},"end":{"line":134,"column":85}},"47":{"start":{"line":161,"column":31},"end":{"line":161,"column":58}}},"fnMap":{"0":{"name":"DashBoardPage","decl":{"start":{"line":19,"column":16},"end":{"line":19,"column":29}},"loc":{"start":{"line":19,"column":29},"end":{"line":192,"column":1}}},"1":{"name":"(anonymous_1)","decl":{"start":{"line":37,"column":42},"end":{"line":37,"column":43}},"loc":{"start":{"line":37,"column":60},"end":{"line":39,"column":5}}},"2":{"name":"(anonymous_2)","decl":{"start":{"line":41,"column":32},"end":{"line":41,"column":35}},"loc":{"start":{"line":41,"column":37},"end":{"line":44,"column":5}}},"3":{"name":"(anonymous_3)","decl":{"start":{"line":46,"column":46},"end":{"line":46,"column":47}},"loc":{"start":{"line":46,"column":65},"end":{"line":48,"column":5}}},"4":{"name":"(anonymous_4)","decl":{"start":{"line":50,"column":47},"end":{"line":50,"column":50}},"loc":{"start":{"line":50,"column":52},"end":{"line":52,"column":5}}},"5":{"name":"(anonymous_5)","decl":{"start":{"line":54,"column":44},"end":{"line":54,"column":49}},"loc":{"start":{"line":54,"column":55},"end":{"line":67,"column":5}}},"6":{"name":"(anonymous_6)","decl":{"start":{"line":69,"column":44},"end":{"line":69,"column":45}},"loc":{"start":{"line":69,"column":59},"end":{"line":71,"column":5}}},"7":{"name":"(anonymous_7)","decl":{"start":{"line":73,"column":45},"end":{"line":73,"column":48}},"loc":{"start":{"line":73,"column":50},"end":{"line":75,"column":5}}},"8":{"name":"(anonymous_8)","decl":{"start":{"line":77,"column":42},"end":{"line":77,"column":43}},"loc":{"start":{"line":77,"column":64},"end":{"line":80,"column":5}}},"9":{"name":"(anonymous_9)","decl":{"start":{"line":89,"column":29},"end":{"line":89,"column":32}},"loc":{"start":{"line":89,"column":35},"end":{"line":89,"column":61}}},"10":{"name":"(anonymous_10)","decl":{"start":{"line":115,"column":35},"end":{"line":115,"column":36}},"loc":{"start":{"line":116,"column":24},"end":{"line":116,"column":42}}},"11":{"name":"(anonymous_11)","decl":{"start":{"line":126,"column":49},"end":{"line":126,"column":52}},"loc":{"start":{"line":126,"column":55},"end":{"line":126,"column":80}}},"12":{"name":"(anonymous_12)","decl":{"start":{"line":134,"column":49},"end":{"line":134,"column":52}},"loc":{"start":{"line":134,"column":55},"end":{"line":134,"column":85}}},"13":{"name":"(anonymous_13)","decl":{"start":{"line":161,"column":25},"end":{"line":161,"column":28}},"loc":{"start":{"line":161,"column":31},"end":{"line":161,"column":58}}}},"branchMap":{"0":{"loc":{"start":{"line":55,"column":8},"end":{"line":55,"column":36}},"type":"if","locations":[{"start":{"line":55,"column":8},"end":{"line":55,"column":36}},{"start":{},"end":{}}]},"1":{"loc":{"start":{"line":63,"column":18},"end":{"line":63,"column":76}},"type":"binary-expr","locations":[{"start":{"line":63,"column":18},"end":{"line":63,"column":29}},{"start":{"line":63,"column":33},"end":{"line":63,"column":76}}]},"2":{"loc":{"start":{"line":99,"column":17},"end":{"line":102,"column":null}},"type":"binary-expr","locations":[{"start":{"line":99,"column":17},"end":{"line":99,"column":26}},{"start":{"line":100,"column":20},"end":{"line":101,"column":null}}]},"3":{"loc":{"start":{"line":105,"column":17},"end":{"line":107,"column":null}},"type":"binary-expr","locations":[{"start":{"line":105,"column":17},"end":{"line":105,"column":22}},{"start":{"line":106,"column":20},"end":{"line":106,"column":null}}]},"4":{"loc":{"start":{"line":109,"column":17},"end":{"line":110,"column":null}},"type":"binary-expr","locations":[{"start":{"line":109,"column":17},"end":{"line":109,"column":27}},{"start":{"line":109,"column":31},"end":{"line":109,"column":37}},{"start":{"line":109,"column":41},"end":{"line":109,"column":59}},{"start":{"line":110,"column":20},"end":{"line":110,"column":114}}]},"5":{"loc":{"start":{"line":113,"column":17},"end":{"line":155,"column":null}},"type":"binary-expr","locations":[{"start":{"line":113,"column":17},"end":{"line":113,"column":27}},{"start":{"line":113,"column":31},"end":{"line":113,"column":37}},{"start":{"line":113,"column":41},"end":{"line":113,"column":57}},{"start":{"line":114,"column":20},"end":{"line":154,"column":null}}]},"6":{"loc":{"start":{"line":143,"column":29},"end":{"line":146,"column":null}},"type":"binary-expr","locations":[{"start":{"line":143,"column":29},"end":{"line":143,"column":45}},{"start":{"line":144,"column":32},"end":{"line":145,"column":null}}]},"7":{"loc":{"start":{"line":169,"column":13},"end":{"line":179,"column":null}},"type":"binary-expr","locations":[{"start":{"line":169,"column":13},"end":{"line":169,"column":27}},{"start":{"line":170,"column":12},"end":{"line":178,"column":null}}]},"8":{"loc":{"start":{"line":182,"column":13},"end":{"line":188,"column":null}},"type":"binary-expr","locations":[{"start":{"line":182,"column":13},"end":{"line":182,"column":23}},{"start":{"line":183,"column":16},"end":{"line":187,"column":null}}]}},"s":{"0":1,"1":1,"2":1,"3":1,"4":1,"5":1,"6":1,"7":1,"8":1,"9":1,"10":21,"11":21,"12":21,"13":21,"14":21,"15":21,"16":21,"17":1,"18":21,"19":1,"20":1,"21":21,"22":2,"23":21,"24":1,"25":21,"26":1,"27":0,"28":1,"29":1,"30":1,"31":1,"32":0,"33":0,"34":1,"35":21,"36":2,"37":21,"38":1,"39":21,"40":1,"41":1,"42":21,"43":2,"44":24,"45":2,"46":2,"47":0},"f":{"0":21,"1":1,"2":1,"3":2,"4":1,"5":1,"6":2,"7":1,"8":1,"9":2,"10":24,"11":2,"12":2,"13":0},"b":{"0":[0,1],"1":[0,0],"2":[21,1],"3":[21,1],"4":[21,20,19,7],"5":[21,20,19,12],"6":[24,12],"7":[21,3],"8":[21,2]}}
,"/app/src/pages/LoginPage/LoginPage.tsx": {"path":"/app/src/pages/LoginPage/LoginPage.tsx","statementMap":{"0":{"start":{"line":12,"column":0},"end":{"line":12,"column":16}},"1":{"start":{"line":1,"column":0},"end":{"line":1,"column":42}},"2":{"start":{"line":2,"column":0},"end":{"line":2,"column":33}},"3":{"start":{"line":3,"column":0},"end":{"line":3,"column":66}},"4":{"start":{"line":5,"column":0},"end":{"line":5,"column":54}},"5":{"start":{"line":6,"column":0},"end":{"line":6,"column":79}},"6":{"start":{"line":7,"column":0},"end":{"line":7,"column":47}},"7":{"start":{"line":8,"column":0},"end":{"line":8,"column":54}},"8":{"start":{"line":10,"column":0},"end":{"line":10,"column":48}},"9":{"start":{"line":14,"column":58},"end":{"line":14,"column":68}},"10":{"start":{"line":15,"column":21},"end":{"line":15,"column":34}},"11":{"start":{"line":16,"column":21},"end":{"line":16,"column":34}},"12":{"start":{"line":17,"column":27},"end":{"line":17,"column":50}},"13":{"start":{"line":19,"column":4},"end":{"line":23,"column":54}},"14":{"start":{"line":20,"column":8},"end":{"line":22,"column":9}},"15":{"start":{"line":21,"column":12},"end":{"line":21,"column":70}},"16":{"start":{"line":29,"column":8},"end":{"line":31,"column":6}},"17":{"start":{"line":33,"column":53},"end":{"line":35,"column":5}},"18":{"start":{"line":34,"column":8},"end":{"line":34,"column":32}},"19":{"start":{"line":37,"column":4},"end":{"line":88,"column":6}}},"fnMap":{"0":{"name":"LoginPage","decl":{"start":{"line":12,"column":16},"end":{"line":12,"column":25}},"loc":{"start":{"line":12,"column":25},"end":{"line":89,"column":1}}},"1":{"name":"(anonymous_1)","decl":{"start":{"line":19,"column":14},"end":{"line":19,"column":17}},"loc":{"start":{"line":19,"column":19},"end":{"line":23,"column":5}}},"2":{"name":"(anonymous_2)","decl":{"start":{"line":33,"column":53},"end":{"line":33,"column":54}},"loc":{"start":{"line":33,"column":62},"end":{"line":35,"column":5}}}},"branchMap":{"0":{"loc":{"start":{"line":20,"column":8},"end":{"line":22,"column":9}},"type":"if","locations":[{"start":{"line":20,"column":8},"end":{"line":22,"column":9}},{"start":{},"end":{}}]},"1":{"loc":{"start":{"line":44,"column":17},"end":{"line":47,"column":null}},"type":"binary-expr","locations":[{"start":{"line":44,"column":17},"end":{"line":44,"column":31}},{"start":{"line":45,"column":20},"end":{"line":46,"column":null}}]},"2":{"loc":{"start":{"line":49,"column":17},"end":{"line":52,"column":null}},"type":"binary-expr","locations":[{"start":{"line":49,"column":17},"end":{"line":49,"column":25}},{"start":{"line":50,"column":20},"end":{"line":51,"column":null}}]},"3":{"loc":{"start":{"line":72,"column":25},"end":{"line":77,"column":38}},"type":"cond-expr","locations":[{"start":{"line":73,"column":28},"end":{"line":75,"column":null}},{"start":{"line":77,"column":29},"end":{"line":77,"column":37}}]}},"s":{"0":1,"1":1,"2":1,"3":1,"4":1,"5":1,"6":1,"7":1,"8":1,"9":12,"10":12,"11":12,"12":12,"13":12,"14":5,"15":0,"16":12,"17":12,"18":1,"19":12},"f":{"0":12,"1":5,"2":1},"b":{"0":[0,5],"1":[12,0],"2":[12,2],"3":[2,10]}}
,"/app/src/pages/RegisterPage/RegisterPage.tsx": {"path":"/app/src/pages/RegisterPage/RegisterPage.tsx","statementMap":{"0":{"start":{"line":16,"column":0},"end":{"line":16,"column":16}},"1":{"start":{"line":1,"column":0},"end":{"line":1,"column":40}},"2":{"start":{"line":2,"column":0},"end":{"line":2,"column":40}},"3":{"start":{"line":4,"column":0},"end":{"line":4,"column":54}},"4":{"start":{"line":5,"column":0},"end":{"line":5,"column":47}},"5":{"start":{"line":6,"column":0},"end":{"line":6,"column":33}},"6":{"start":{"line":8,"column":0},"end":{"line":8,"column":62}},"7":{"start":{"line":10,"column":0},"end":{"line":10,"column":47}},"8":{"start":{"line":12,"column":0},"end":{"line":12,"column":49}},"9":{"start":{"line":18,"column":21},"end":{"line":18,"column":34}},"10":{"start":{"line":19,"column":36},"end":{"line":19,"column":65}},"11":{"start":{"line":26,"column":8},"end":{"line":28,"column":6}},"12":{"start":{"line":31,"column":56},"end":{"line":50,"column":5}},"13":{"start":{"line":32,"column":8},"end":{"line":32,"column":26}},"14":{"start":{"line":34,"column":45},"end":{"line":34,"column":49}},"15":{"start":{"line":36,"column":8},"end":{"line":48,"column":9}},"16":{"start":{"line":37,"column":8},"end":{"line":37,"column":null}},"17":{"start":{"line":38,"column":8},"end":{"line":38,"column":94}},"18":{"start":{"line":41,"column":12},"end":{"line":41,"column":53}},"19":{"start":{"line":43,"column":12},"end":{"line":47,"column":13}},"20":{"start":{"line":44,"column":16},"end":{"line":44,"column":57}},"21":{"start":{"line":46,"column":16},"end":{"line":46,"column":74}},"22":{"start":{"line":55,"column":4},"end":{"line":111,"column":6}}},"fnMap":{"0":{"name":"RegisterPage","decl":{"start":{"line":16,"column":16},"end":{"line":16,"column":28}},"loc":{"start":{"line":16,"column":28},"end":{"line":112,"column":1}}},"1":{"name":"(anonymous_1)","decl":{"start":{"line":31,"column":56},"end":{"line":31,"column":61}},"loc":{"start":{"line":31,"column":71},"end":{"line":50,"column":5}}}},"branchMap":{"0":{"loc":{"start":{"line":43,"column":12},"end":{"line":47,"column":13}},"type":"if","locations":[{"start":{"line":43,"column":12},"end":{"line":47,"column":13}},{"start":{"line":45,"column":19},"end":{"line":47,"column":13}}]},"1":{"loc":{"start":{"line":43,"column":15},"end":{"line":43,"column":83}},"type":"binary-expr","locations":[{"start":{"line":43,"column":15},"end":{"line":43,"column":29}},{"start":{"line":43,"column":33},"end":{"line":43,"column":52}},{"start":{"line":43,"column":56},"end":{"line":43,"column":83}}]},"2":{"loc":{"start":{"line":61,"column":17},"end":{"line":64,"column":null}},"type":"binary-expr","locations":[{"start":{"line":61,"column":17},"end":{"line":61,"column":25}},{"start":{"line":62,"column":20},"end":{"line":63,"column":null}}]},"3":{"loc":{"start":{"line":100,"column":25},"end":{"line":100,"column":70}},"type":"cond-expr","locations":[{"start":{"line":100,"column":40},"end":{"line":100,"column":56}},{"start":{"line":100,"column":59},"end":{"line":100,"column":70}}]}},"s":{"0":1,"1":1,"2":1,"3":1,"4":1,"5":1,"6":1,"7":1,"8":1,"9":18,"10":18,"11":18,"12":18,"13":2,"14":2,"15":2,"16":2,"17":1,"18":1,"19":1,"20":1,"21":0,"22":18},"f":{"0":18,"1":2},"b":{"0":[1,0],"1":[1,1,1],"2":[18,1],"3":[4,14]}}
,"/app/src/schemas/loginSchema.ts": {"path":"/app/src/schemas/loginSchema.ts","statementMap":{"0":{"start":{"line":1,"column":0},"end":{"line":1,"column":22}},"1":{"start":{"line":3,"column":13},"end":{"line":6,"column":3}}},"fnMap":{},"branchMap":{},"s":{"0":1,"1":1},"f":{},"b":{}}
,"/app/src/schemas/registerSchema.ts": {"path":"/app/src/schemas/registerSchema.ts","statementMap":{"0":{"start":{"line":1,"column":0},"end":{"line":1,"column":24}},"1":{"start":{"line":3,"column":13},"end":{"line":23,"column":4}},"2":{"start":{"line":14,"column":6},"end":{"line":16,"column":7}},"3":{"start":{"line":15,"column":8},"end":{"line":15,"column":54}},"4":{"start":{"line":17,"column":6},"end":{"line":17,"column":18}}},"fnMap":{"0":{"name":"(anonymous_0)","decl":{"start":{"line":13,"column":4},"end":{"line":13,"column":5}},"loc":{"start":{"line":13,"column":13},"end":{"line":18,"column":5}}}},"branchMap":{"0":{"loc":{"start":{"line":14,"column":6},"end":{"line":16,"column":7}},"type":"if","locations":[{"start":{"line":14,"column":6},"end":{"line":16,"column":7}},{"start":{},"end":{}}]}},"s":{"0":1,"1":1,"2":4,"3":3,"4":1},"f":{"0":4},"b":{"0":[3,1]}}
}
