TN:
SF:src/pages/DashBoardPage/DashBoardPage.tsx
FN:19,DashBoardPage
FN:37,(anonymous_1)
FN:41,(anonymous_2)
FN:46,(anonymous_3)
FN:50,(anonymous_4)
FN:54,(anonymous_5)
FN:69,(anonymous_6)
FN:73,(anonymous_7)
FN:77,(anonymous_8)
FN:89,(anonymous_9)
FN:115,(anonymous_10)
FN:126,(anonymous_11)
FN:134,(anonymous_12)
FN:161,(anonymous_13)
FNF:14
FNH:13
FNDA:21,DashBoardPage
FNDA:1,(anonymous_1)
FNDA:1,(anonymous_2)
FNDA:2,(anonymous_3)
FNDA:1,(anonymous_4)
FNDA:1,(anonymous_5)
FNDA:2,(anonymous_6)
FNDA:1,(anonymous_7)
FNDA:1,(anonymous_8)
FNDA:2,(anonymous_9)
FNDA:24,(anonymous_10)
FNDA:2,(anonymous_11)
FNDA:2,(anonymous_12)
FNDA:0,(anonymous_13)
DA:1,1
DA:2,1
DA:4,1
DA:5,1
DA:6,1
DA:7,1
DA:8,1
DA:10,1
DA:13,1
DA:19,1
DA:21,21
DA:29,21
DA:31,21
DA:32,21
DA:33,21
DA:35,21
DA:37,21
DA:38,1
DA:41,21
DA:42,1
DA:43,1
DA:46,21
DA:47,2
DA:50,21
DA:51,1
DA:54,21
DA:55,1
DA:57,1
DA:58,1
DA:59,1
DA:60,1
DA:62,0
DA:63,0
DA:65,1
DA:69,21
DA:70,2
DA:73,21
DA:74,1
DA:77,21
DA:78,1
DA:79,1
DA:83,21
DA:89,2
DA:116,24
DA:126,2
DA:134,2
DA:161,0
LF:47
LH:44
BRDA:55,0,0,0
BRDA:55,0,1,1
BRDA:63,1,0,0
BRDA:63,1,1,0
BRDA:99,2,0,21
BRDA:99,2,1,1
BRDA:105,3,0,21
BRDA:105,3,1,1
BRDA:109,4,0,21
BRDA:109,4,1,20
BRDA:109,4,2,19
BRDA:109,4,3,7
BRDA:113,5,0,21
BRDA:113,5,1,20
BRDA:113,5,2,19
BRDA:113,5,3,12
BRDA:143,6,0,24
BRDA:143,6,1,12
BRDA:169,7,0,21
BRDA:169,7,1,3
BRDA:182,8,0,21
BRDA:182,8,1,2
BRF:22
BRH:19
end_of_record
TN:
SF:src/pages/LoginPage/LoginPage.tsx
FN:12,LoginPage
FN:19,(anonymous_1)
FN:33,(anonymous_2)
FNF:3
FNH:3
FNDA:12,LoginPage
FNDA:5,(anonymous_1)
FNDA:1,(anonymous_2)
DA:1,1
DA:2,1
DA:3,1
DA:5,1
DA:6,1
DA:7,1
DA:8,1
DA:10,1
DA:12,1
DA:14,12
DA:15,12
DA:16,12
DA:17,12
DA:19,12
DA:20,5
DA:21,0
DA:29,12
DA:33,12
DA:34,1
DA:37,12
LF:20
LH:19
BRDA:20,0,0,0
BRDA:20,0,1,5
BRDA:44,1,0,12
BRDA:44,1,1,0
BRDA:49,2,0,12
BRDA:49,2,1,2
BRDA:72,3,0,2
BRDA:72,3,1,10
BRF:8
BRH:6
end_of_record
TN:
SF:src/pages/RegisterPage/RegisterPage.tsx
FN:16,RegisterPage
FN:31,(anonymous_1)
FNF:2
FNH:2
FNDA:18,RegisterPage
FNDA:2,(anonymous_1)
DA:1,1
DA:2,1
DA:4,1
DA:5,1
DA:6,1
DA:8,1
DA:10,1
DA:12,1
DA:16,1
DA:18,18
DA:19,18
DA:26,18
DA:31,18
DA:32,2
DA:34,2
DA:36,2
DA:37,2
DA:38,1
DA:41,1
DA:43,1
DA:44,1
DA:46,0
DA:55,18
LF:23
LH:22
BRDA:43,0,0,1
BRDA:43,0,1,0
BRDA:43,1,0,1
BRDA:43,1,1,1
BRDA:43,1,2,1
BRDA:61,2,0,18
BRDA:61,2,1,1
BRDA:100,3,0,4
BRDA:100,3,1,14
BRF:9
BRH:8
end_of_record
TN:
SF:src/schemas/loginSchema.ts
FNF:0
FNH:0
DA:1,1
DA:3,1
LF:2
LH:2
BRF:0
BRH:0
end_of_record
TN:
SF:src/schemas/registerSchema.ts
FN:13,(anonymous_0)
FNF:1
FNH:1
FNDA:4,(anonymous_0)
DA:1,1
DA:3,1
DA:14,4
DA:15,3
DA:17,1
LF:5
LH:5
BRDA:14,0,0,3
BRDA:14,0,1,1
BRF:2
BRH:2
end_of_record
